<?xml version="1.0" encoding="UTF-8"?>
<!-- Generated by org.testng.reporters.JUnitXMLReporter -->
<testsuite ignored="0" hostname="SIHA-BLR-01" failures="1" tests="2" name="Test1" time="6.019" errors="0" timestamp="2021-08-10T17:01:14 IST">
  <testcase classname="Academy.E2EProject.Validations" name="validateText" time="0.035"/>
  <testcase classname="Academy.E2EProject.Validations" name="validatetitle" time="0.026">
    <failure type="java.lang.AssertionError" message="The following asserts failed:
	expected [FEATURED COURSES] but found [FEATURED COURSES12]">
      <![CDATA[java.lang.AssertionError: The following asserts failed:
expected [FEATURED COURSES] but found [FEATURED COURSES12]
at Academy.E2EProject.Validations.validatetitle(Validations.java:58)
at java.base/java.util.ArrayList.forEach(ArrayList.java:1511)
at java.base/java.util.concurrent.FutureTask.run(FutureTask.java:264)
at java.base/java.util.concurrent.ThreadPoolExecutor.runWorker(ThreadPoolExecutor.java:1130)
at java.base/java.util.concurrent.ThreadPoolExecutor$Worker.run(ThreadPoolExecutor.java:630)
at java.base/java.lang.Thread.run(Thread.java:831)
... Removed 20 stack frames]]>
    </failure>
  </testcase> <!-- validatetitle -->
</testsuite> <!-- Test1 -->
