<?xml version="1.0" encoding="UTF-8"?>
<testng-results ignored="0" total="5" passed="4" failed="1" skipped="0">
  <reporter-output>
  </reporter-output>
  <suite started-at="2021-08-10T17:01:08 IST" name="Suite" finished-at="2021-08-10T17:01:20 IST" duration-ms="12789">
    <groups>
    </groups>
    <test started-at="2021-08-10T17:01:08 IST" name="Test2" finished-at="2021-08-10T17:01:08 IST" duration-ms="8">
    </test> <!-- Test2 -->
    <test started-at="2021-08-10T17:01:08 IST" name="Test1" finished-at="2021-08-10T17:01:14 IST" duration-ms="6019">
      <class name="Academy.E2EProject.Validations">
        <test-method is-config="true" signature="prereq()[pri:0, instance:Academy.E2EProject.Validations@1d7f7be7]" started-at="2021-08-10T17:01:08 IST" name="prereq" finished-at="2021-08-10T17:01:13 IST" duration-ms="5563" status="PASS">
          <reporter-output>
          </reporter-output>
        </test-method> <!-- prereq -->
        <test-method signature="validateText()[pri:0, instance:Academy.E2EProject.Validations@1d7f7be7]" started-at="2021-08-10T17:01:13 IST" name="validateText" finished-at="2021-08-10T17:01:13 IST" duration-ms="35" status="PASS">
          <reporter-output>
          </reporter-output>
        </test-method> <!-- validateText -->
        <test-method signature="validatetitle()[pri:0, instance:Academy.E2EProject.Validations@1d7f7be7]" started-at="2021-08-10T17:01:13 IST" name="validatetitle" finished-at="2021-08-10T17:01:13 IST" duration-ms="26" status="FAIL">
          <exception class="java.lang.AssertionError">
            <message>
              <![CDATA[The following asserts failed:
expected [FEATURED COURSES] but found [FEATURED COURSES12]]]>
            </message>
            <full-stacktrace>
              <![CDATA[java.lang.AssertionError: The following asserts failed:
expected [FEATURED COURSES] but found [FEATURED COURSES12]
at org.testng.asserts.SoftAssert.assertAll(SoftAssert.java:47)
at org.testng.asserts.SoftAssert.assertAll(SoftAssert.java:31)
at Academy.E2EProject.Validations.validatetitle(Validations.java:58)
at java.base/jdk.internal.reflect.NativeMethodAccessorImpl.invoke0(Native Method)
at java.base/jdk.internal.reflect.NativeMethodAccessorImpl.invoke(NativeMethodAccessorImpl.java:78)
at java.base/jdk.internal.reflect.DelegatingMethodAccessorImpl.invoke(DelegatingMethodAccessorImpl.java:43)
at java.base/java.lang.reflect.Method.invoke(Method.java:567)
at org.testng.internal.MethodInvocationHelper.invokeMethod(MethodInvocationHelper.java:133)
at org.testng.internal.TestInvoker.invokeMethod(TestInvoker.java:598)
at org.testng.internal.TestInvoker.invokeTestMethod(TestInvoker.java:173)
at org.testng.internal.MethodRunner.runInSequence(MethodRunner.java:46)
at org.testng.internal.TestInvoker$MethodInvocationAgent.invoke(TestInvoker.java:824)
at org.testng.internal.TestInvoker.invokeTestMethods(TestInvoker.java:146)
at org.testng.internal.TestMethodWorker.invokeTestMethods(TestMethodWorker.java:146)
at org.testng.internal.TestMethodWorker.run(TestMethodWorker.java:128)
at java.base/java.util.ArrayList.forEach(ArrayList.java:1511)
at org.testng.TestRunner.privateRun(TestRunner.java:794)
at org.testng.TestRunner.run(TestRunner.java:596)
at org.testng.SuiteRunner.runTest(SuiteRunner.java:377)
at org.testng.SuiteRunner.access$000(SuiteRunner.java:28)
at org.testng.SuiteRunner$SuiteWorker.run(SuiteRunner.java:418)
at org.testng.internal.thread.ThreadUtil.lambda$execute$0(ThreadUtil.java:64)
at java.base/java.util.concurrent.FutureTask.run(FutureTask.java:264)
at java.base/java.util.concurrent.ThreadPoolExecutor.runWorker(ThreadPoolExecutor.java:1130)
at java.base/java.util.concurrent.ThreadPoolExecutor$Worker.run(ThreadPoolExecutor.java:630)
at java.base/java.lang.Thread.run(Thread.java:831)
]]>
            </full-stacktrace>
          </exception> <!-- java.lang.AssertionError -->
          <reporter-output>
          </reporter-output>
        </test-method> <!-- validatetitle -->
        <test-method is-config="true" signature="closedriver()[pri:0, instance:Academy.E2EProject.Validations@1d7f7be7]" started-at="2021-08-10T17:01:13 IST" name="closedriver" finished-at="2021-08-10T17:01:14 IST" duration-ms="120" status="PASS">
          <reporter-output>
          </reporter-output>
        </test-method> <!-- closedriver -->
      </class> <!-- Academy.E2EProject.Validations -->
    </test> <!-- Test1 -->
    <test started-at="2021-08-10T17:01:08 IST" name="Test" finished-at="2021-08-10T17:01:20 IST" duration-ms="12789">
      <class name="Academy.E2EProject.HomePage">
        <test-method is-config="true" signature="prereq()[pri:0, instance:Academy.E2EProject.HomePage@638ef7ed]" started-at="2021-08-10T17:01:08 IST" name="prereq" finished-at="2021-08-10T17:01:09 IST" duration-ms="1954" status="PASS">
          <reporter-output>
          </reporter-output>
        </test-method> <!-- prereq -->
        <test-method signature="BasePageNavigation(java.lang.String,java.lang.String,java.lang.String)[pri:0, instance:Academy.E2EProject.HomePage@638ef7ed]" started-at="2021-08-10T17:01:10 IST" name="BasePageNavigation" data-provider="getData" finished-at="2021-08-10T17:01:15 IST" duration-ms="5393" status="PASS">
          <params>
            <param index="0">
              <value>
                <![CDATA[nonrestricteduser@qw.com]]>
              </value>
            </param>
            <param index="1">
              <value>
                <![CDATA[123456]]>
              </value>
            </param>
            <param index="2">
              <value>
                <![CDATA[nonrestricteduser]]>
              </value>
            </param>
          </params>
          <reporter-output>
          </reporter-output>
        </test-method> <!-- BasePageNavigation -->
        <test-method signature="BasePageNavigation(java.lang.String,java.lang.String,java.lang.String)[pri:0, instance:Academy.E2EProject.HomePage@638ef7ed]" started-at="2021-08-10T17:01:15 IST" name="BasePageNavigation" data-provider="getData" finished-at="2021-08-10T17:01:17 IST" duration-ms="2307" status="PASS">
          <params>
            <param index="0">
              <value>
                <![CDATA[restricteduser@qw.com]]>
              </value>
            </param>
            <param index="1">
              <value>
                <![CDATA[456788]]>
              </value>
            </param>
            <param index="2">
              <value>
                <![CDATA[restricteduser]]>
              </value>
            </param>
          </params>
          <reporter-output>
          </reporter-output>
        </test-method> <!-- BasePageNavigation -->
        <test-method signature="BasePageNavigation(java.lang.String,java.lang.String,java.lang.String)[pri:0, instance:Academy.E2EProject.HomePage@638ef7ed]" started-at="2021-08-10T17:01:17 IST" name="BasePageNavigation" data-provider="getData" finished-at="2021-08-10T17:01:20 IST" duration-ms="2920" status="PASS">
          <params>
            <param index="0">
              <value>
                <![CDATA[restricteduser@qw.com]]>
              </value>
            </param>
            <param index="1">
              <value>
                <![CDATA[45678845]]>
              </value>
            </param>
            <param index="2">
              <value>
                <![CDATA[restricteduser2]]>
              </value>
            </param>
          </params>
          <reporter-output>
          </reporter-output>
        </test-method> <!-- BasePageNavigation -->
        <test-method is-config="true" signature="closedriver()[pri:0, instance:Academy.E2EProject.HomePage@638ef7ed]" started-at="2021-08-10T17:01:20 IST" name="closedriver" finished-at="2021-08-10T17:01:20 IST" duration-ms="167" status="PASS">
          <reporter-output>
          </reporter-output>
        </test-method> <!-- closedriver -->
      </class> <!-- Academy.E2EProject.HomePage -->
    </test> <!-- Test -->
  </suite> <!-- Suite -->
</testng-results>
